<?xml version="1.0" encoding="UTF-8"?>
<!-- Generated by org.testng.reporters.JUnitReportReporter -->
<testsuite hostname="LAPTOP-EC1OOMMQ" failures="0" tests="4" name="PracticeTestNG.Test1" time="13.305" errors="0" timestamp="2023-11-04T14:34:57 IST" skipped="0">
  <testcase classname="PracticeTestNG.Test1" name="Zomato" time="8.265"/>
  <testcase classname="PracticeTestNG.Test1" name="Zomato" time="1.116"/>
  <testcase classname="PracticeTestNG.Test1" name="instagram" time="1.721"/>
  <testcase classname="PracticeTestNG.Test1" name="facbook" time="2.203"/>
</testsuite> <!-- PracticeTestNG.Test1 -->
