<?xml version="1.0" encoding="UTF-8"?>
<!-- Generated by org.testng.reporters.JUnitReportReporter -->
<testsuite hostname="LAPTOP-EC1OOMMQ" failures="0" tests="1" name="CreateContactsBase" time="18.506" errors="0" timestamp="2023-11-17T01:20:36 IST" skipped="0">
  <testcase classname="CreateContactsBase" name="ContactPom" time="18.506"/>
</testsuite> <!-- CreateContactsBase -->
