<?xml version="1.0" encoding="UTF-8"?>
<!-- Generated by org.testng.reporters.JUnitReportReporter -->
<testsuite hostname="LAPTOP-EC1OOMMQ" failures="0" tests="1" name="Createcontact" time="21.877" errors="0" timestamp="2023-11-17T01:47:55 IST" skipped="0">
  <testcase classname="Createcontact" name="Contact" time="21.877"/>
</testsuite> <!-- Createcontact -->
